Command line: /usr/local/bin/spades.py	-k	127	--only-assembler	--pe1-1	/home/vtrivedi1/Python-Pipeline-Vir-Trivedi/PipelineProject_Vir_Trivedi/sample_SRX2896360_mapped_1.fq	--pe1-2	/home/vtrivedi1/Python-Pipeline-Vir-Trivedi/PipelineProject_Vir_Trivedi/sample_SRX2896360_mapped_2.fq	--pe2-1	/home/vtrivedi1/Python-Pipeline-Vir-Trivedi/PipelineProject_Vir_Trivedi/sample_SRX2896363_mapped_1.fq	--pe2-2	/home/vtrivedi1/Python-Pipeline-Vir-Trivedi/PipelineProject_Vir_Trivedi/sample_SRX2896363_mapped_2.fq	--pe3-1	/home/vtrivedi1/Python-Pipeline-Vir-Trivedi/PipelineProject_Vir_Trivedi/sample_SRX2896374_mapped_1.fq	--pe3-2	/home/vtrivedi1/Python-Pipeline-Vir-Trivedi/PipelineProject_Vir_Trivedi/sample_SRX2896374_mapped_2.fq	--pe4-1	/home/vtrivedi1/Python-Pipeline-Vir-Trivedi/PipelineProject_Vir_Trivedi/sample_SRX2896375_mapped_1.fq	--pe4-2	/home/vtrivedi1/Python-Pipeline-Vir-Trivedi/PipelineProject_Vir_Trivedi/sample_SRX2896375_mapped_2.fq	-o	/home/vtrivedi1/Python-Pipeline-Vir-Trivedi/PipelineProject_Vir_Trivedi	

System information:
  SPAdes version: 3.15.5
  Python version: 3.10.12
  OS: Linux-5.15.0-91-generic-x86_64-with-glibc2.35

Output dir: /home/vtrivedi1/Python-Pipeline-Vir-Trivedi/PipelineProject_Vir_Trivedi
Mode: ONLY assembling (without read error correction)
Debug mode is turned OFF

Dataset parameters:
  Standard mode
  For multi-cell/isolate data we recommend to use '--isolate' option; for single-cell MDA data use '--sc'; for metagenomic data use '--meta'; for RNA-Seq use '--rna'.
  Reads:
    Library number: 1, library type: paired-end
      orientation: fr
      left reads: ['/home/vtrivedi1/Python-Pipeline-Vir-Trivedi/PipelineProject_Vir_Trivedi/sample_SRX2896360_mapped_1.fq']
      right reads: ['/home/vtrivedi1/Python-Pipeline-Vir-Trivedi/PipelineProject_Vir_Trivedi/sample_SRX2896360_mapped_2.fq']
      interlaced reads: not specified
      single reads: not specified
      merged reads: not specified
    Library number: 2, library type: paired-end
      orientation: fr
      left reads: ['/home/vtrivedi1/Python-Pipeline-Vir-Trivedi/PipelineProject_Vir_Trivedi/sample_SRX2896363_mapped_1.fq']
      right reads: ['/home/vtrivedi1/Python-Pipeline-Vir-Trivedi/PipelineProject_Vir_Trivedi/sample_SRX2896363_mapped_2.fq']
      interlaced reads: not specified
      single reads: not specified
      merged reads: not specified
    Library number: 3, library type: paired-end
      orientation: fr
      left reads: ['/home/vtrivedi1/Python-Pipeline-Vir-Trivedi/PipelineProject_Vir_Trivedi/sample_SRX2896374_mapped_1.fq']
      right reads: ['/home/vtrivedi1/Python-Pipeline-Vir-Trivedi/PipelineProject_Vir_Trivedi/sample_SRX2896374_mapped_2.fq']
      interlaced reads: not specified
      single reads: not specified
      merged reads: not specified
    Library number: 4, library type: paired-end
      orientation: fr
      left reads: ['/home/vtrivedi1/Python-Pipeline-Vir-Trivedi/PipelineProject_Vir_Trivedi/sample_SRX2896375_mapped_1.fq']
      right reads: ['/home/vtrivedi1/Python-Pipeline-Vir-Trivedi/PipelineProject_Vir_Trivedi/sample_SRX2896375_mapped_2.fq']
      interlaced reads: not specified
      single reads: not specified
      merged reads: not specified
Assembly parameters:
  k: [127]
  Repeat resolution is enabled
  Mismatch careful mode is turned OFF
  MismatchCorrector will be SKIPPED
  Coverage cutoff is turned OFF
Other parameters:
  Dir for temp files: /home/vtrivedi1/Python-Pipeline-Vir-Trivedi/PipelineProject_Vir_Trivedi/tmp
  Threads: 16
  Memory limit (in Gb): 250


======= SPAdes pipeline started. Log can be found here: /home/vtrivedi1/Python-Pipeline-Vir-Trivedi/PipelineProject_Vir_Trivedi/spades.log

/home/vtrivedi1/Python-Pipeline-Vir-Trivedi/PipelineProject_Vir_Trivedi/sample_SRX2896360_mapped_1.fq: max reads length: 151
/home/vtrivedi1/Python-Pipeline-Vir-Trivedi/PipelineProject_Vir_Trivedi/sample_SRX2896360_mapped_2.fq: max reads length: 151
/home/vtrivedi1/Python-Pipeline-Vir-Trivedi/PipelineProject_Vir_Trivedi/sample_SRX2896363_mapped_1.fq: max reads length: 151
/home/vtrivedi1/Python-Pipeline-Vir-Trivedi/PipelineProject_Vir_Trivedi/sample_SRX2896363_mapped_2.fq: max reads length: 151
/home/vtrivedi1/Python-Pipeline-Vir-Trivedi/PipelineProject_Vir_Trivedi/sample_SRX2896374_mapped_1.fq: max reads length: 151
/home/vtrivedi1/Python-Pipeline-Vir-Trivedi/PipelineProject_Vir_Trivedi/sample_SRX2896374_mapped_2.fq: max reads length: 151
/home/vtrivedi1/Python-Pipeline-Vir-Trivedi/PipelineProject_Vir_Trivedi/sample_SRX2896375_mapped_1.fq: max reads length: 151
/home/vtrivedi1/Python-Pipeline-Vir-Trivedi/PipelineProject_Vir_Trivedi/sample_SRX2896375_mapped_2.fq: max reads length: 151

Reads length: 151


===== Before start started. 


===== Assembling started. 


===== K127 started. 


== Running: /usr/local/bin/spades-core /home/vtrivedi1/Python-Pipeline-Vir-Trivedi/PipelineProject_Vir_Trivedi/K127/configs/config.info

  0:00:00.000     1M / 21M   INFO    General                 (main.cpp                  :  99)   Loaded config from /home/vtrivedi1/Python-Pipeline-Vir-Trivedi/PipelineProject_Vir_Trivedi/K127/configs/config.info
  0:00:00.001     1M / 21M   INFO    General                 (memory_limit.cpp          :  54)   Memory limit set to 250 Gb
  0:00:00.001     1M / 21M   INFO    General                 (main.cpp                  : 107)   Starting SPAdes, built from N/A, git revision N/A
  0:00:00.001     1M / 21M   INFO    General                 (main.cpp                  : 108)   Maximum k-mer length: 128
  0:00:00.001     1M / 21M   INFO    General                 (main.cpp                  : 109)   Assembling dataset (/home/vtrivedi1/Python-Pipeline-Vir-Trivedi/PipelineProject_Vir_Trivedi/dataset.info) with K=127
  0:00:00.001     1M / 21M   INFO    General                 (main.cpp                  : 110)   Maximum # of threads to use (adjusted due to OMP capabilities): 16
  0:00:00.001     1M / 21M   INFO    General                 (pipeline.cpp              : 212)   SPAdes started
  0:00:00.001     1M / 21M   INFO    General                 (pipeline.cpp              : 225)   Starting from stage: read_conversion
  0:00:00.001     1M / 21M   INFO    General                 (pipeline.cpp              : 231)   Two-step repeat resolution disabled
  0:00:00.001     1M / 21M   INFO   GraphCore                (graph_core.hpp            : 672)   Graph created, vertex min_id: 3, edge min_id: 3
  0:00:00.001     1M / 21M   INFO   GraphCore                (graph_core.hpp            : 673)   Vertex size: 48, edge size: 40
  0:00:00.002     1M / 21M   INFO    General                 (edge_index.hpp            : 113)   Size of edge index entries: 12/8
  0:00:00.002     1M / 21M   INFO    General                 (pipeline.cpp              : 242)   Will need read mapping, kmer mapper will be attached
  0:00:00.002     1M / 21M   INFO   StageManager             (stage.cpp                 : 185)   STAGE == Binary Read Conversion (id: read_conversion)
  0:00:00.006     1M / 21M   INFO    General                 (read_converter.cpp        :  72)   Converting reads to binary format for library #0 (takes a while)
  0:00:00.006     1M / 21M   INFO    General                 (read_converter.cpp        :  73)   Converting paired reads
  0:00:00.076    63M / 63M   INFO    General                 (binary_converter.cpp      : 111)   6850 reads written
  0:00:00.077    41M / 41M   INFO    General                 (read_converter.cpp        :  86)   Converting single reads
  0:00:00.079    51M / 51M   INFO    General                 (binary_converter.cpp      : 111)   0 reads written
  0:00:00.079    41M / 41M   INFO    General                 (read_converter.cpp        :  92)   Converting merged reads
  0:00:00.082    51M / 51M   INFO    General                 (binary_converter.cpp      : 111)   0 reads written
  0:00:00.104     1M / 21M   INFO    General                 (read_converter.cpp        :  72)   Converting reads to binary format for library #1 (takes a while)
  0:00:00.104     1M / 21M   INFO    General                 (read_converter.cpp        :  73)   Converting paired reads
  0:00:00.158    63M / 63M   INFO    General                 (binary_converter.cpp      : 111)   6193 reads written
  0:00:00.159    41M / 41M   INFO    General                 (read_converter.cpp        :  86)   Converting single reads
  0:00:00.161    51M / 51M   INFO    General                 (binary_converter.cpp      : 111)   0 reads written
  0:00:00.161    41M / 41M   INFO    General                 (read_converter.cpp        :  92)   Converting merged reads
  0:00:00.165    51M / 51M   INFO    General                 (binary_converter.cpp      : 111)   0 reads written
  0:00:00.186     1M / 21M   INFO    General                 (read_converter.cpp        :  72)   Converting reads to binary format for library #2 (takes a while)
  0:00:00.186     1M / 21M   INFO    General                 (read_converter.cpp        :  73)   Converting paired reads
  0:00:00.248    63M / 63M   INFO    General                 (binary_converter.cpp      : 111)   7049 reads written
  0:00:00.249    41M / 41M   INFO    General                 (read_converter.cpp        :  86)   Converting single reads
  0:00:00.250    51M / 51M   INFO    General                 (binary_converter.cpp      : 111)   0 reads written
  0:00:00.251    41M / 41M   INFO    General                 (read_converter.cpp        :  92)   Converting merged reads
  0:00:00.253    51M / 51M   INFO    General                 (binary_converter.cpp      : 111)   0 reads written
  0:00:00.270     1M / 21M   INFO    General                 (read_converter.cpp        :  72)   Converting reads to binary format for library #3 (takes a while)
  0:00:00.270     1M / 21M   INFO    General                 (read_converter.cpp        :  73)   Converting paired reads
  0:00:00.314    63M / 63M   INFO    General                 (binary_converter.cpp      : 111)   5083 reads written
  0:00:00.315    41M / 41M   INFO    General                 (read_converter.cpp        :  86)   Converting single reads
  0:00:00.316    51M / 51M   INFO    General                 (binary_converter.cpp      : 111)   0 reads written
  0:00:00.316    41M / 41M   INFO    General                 (read_converter.cpp        :  92)   Converting merged reads
  0:00:00.318    51M / 51M   INFO    General                 (binary_converter.cpp      : 111)   0 reads written
  0:00:00.334     1M / 21M   INFO   StageManager             (stage.cpp                 : 185)   STAGE == de Bruijn graph construction (id: construction)
  0:00:00.748     2M / 21M   INFO    General                 (construction.cpp          : 153)   Max read length 151
  0:00:00.748     2M / 21M   INFO    General                 (construction.cpp          : 159)   Average read length 149.055
  0:00:00.748     2M / 21M   INFO    General                 (stage.cpp                 : 117)   PROCEDURE == k+1-mer counting (id: construction:kpomer_counting)
  0:00:00.748     2M / 21M   INFO    General                 (kmer_index_builder.hpp    : 243)   Splitting kmer instances into 160 files using 16 threads. This might take a while.
  0:00:00.752     2M / 21M   INFO    General                 (file_limit.hpp            :  42)   Open file limit set to 1048576
  0:00:00.752     2M / 21M   INFO    General                 (kmer_splitter.hpp         :  93)   Memory available for splitting buffers: 5.20829 Gb
  0:00:00.752     2M / 21M   INFO    General                 (kmer_splitter.hpp         : 101)   Using cell size of 104857
  0:00:02.846  9603M / 9603M INFO    General                 (kmer_splitters.hpp        : 125)   Processed 100700 reads
  0:00:02.849     3M / 65M   INFO    General                 (kmer_splitters.hpp        : 131)   Used 100700 reads
  0:00:02.868     3M / 65M   INFO    General                 (kmer_index_builder.hpp    : 249)   Starting k-mer counting.
  0:00:03.564     3M / 65M   INFO    General                 (kmer_index_builder.hpp    : 260)   K-mer counting done. There are 672723 kmers in total.
  0:00:03.567     2M / 65M   INFO    General                 (stage.cpp                 : 117)   PROCEDURE == Extension index construction (id: construction:extension_index_construction)
  0:00:03.747     3M / 65M   INFO   K-mer Index Building     (kmer_index_builder.hpp    : 438)   Building kmer index
  0:00:03.747     3M / 65M   INFO    General                 (kmer_index_builder.hpp    : 243)   Splitting kmer instances into 160 files using 16 threads. This might take a while.
  0:00:03.750     3M / 65M   INFO    General                 (file_limit.hpp            :  42)   Open file limit set to 1048576
  0:00:03.750     3M / 65M   INFO    General                 (kmer_splitter.hpp         :  93)   Memory available for splitting buffers: 5.20829 Gb
  0:00:03.750     3M / 65M   INFO    General                 (kmer_splitter.hpp         : 101)   Using cell size of 104857
  0:00:05.022  9603M / 9603M INFO    General                 (kmer_splitters.hpp        : 194)   Processed 672723 kmers
  0:00:05.023  9603M / 9603M INFO    General                 (kmer_splitters.hpp        : 199)   Used 672723 kmers.
  0:00:05.025     3M / 96M   INFO    General                 (kmer_index_builder.hpp    : 249)   Starting k-mer counting.
  0:00:05.532     3M / 96M   INFO    General                 (kmer_index_builder.hpp    : 260)   K-mer counting done. There are 694431 kmers in total.
  0:00:05.533     3M / 96M   INFO   K-mer Index Building     (kmer_index_builder.hpp    : 395)   Building perfect hash indices
  0:00:05.604     4M / 96M   INFO   K-mer Index Building     (kmer_index_builder.hpp    : 431)   Index built. Total 694431 kmers, 622864 bytes occupied (7.17553 bits per kmer).
  0:00:05.604     4M / 96M   INFO    General                 (kmer_index_builder.hpp    : 169)   Merging final buckets.
  0:00:06.147     4M / 96M   INFO   DeBruijnExtensionIndexBu (kmer_extension_index_build: 100)   Building k-mer extensions from k+1-mers
  0:00:06.188     4M / 96M   INFO   DeBruijnExtensionIndexBu (kmer_extension_index_build: 105)   Building k-mer extensions from k+1-mers finished.
  0:00:06.286     4M / 96M   INFO    General                 (stage.cpp                 : 117)   PROCEDURE == Condensing graph (id: construction:graph_condensing)
  0:00:06.295     4M / 96M   INFO   UnbranchingPathExtractor (debruijn_graph_constructor: 354)   Extracting unbranching paths
  0:00:06.327     6M / 96M   INFO   UnbranchingPathExtractor (debruijn_graph_constructor: 373)   Extracting unbranching paths finished. 32999 sequences extracted
  0:00:06.354     6M / 96M   INFO   UnbranchingPathExtractor (debruijn_graph_constructor: 309)   Collecting perfect loops
  0:00:06.369     6M / 96M   INFO   UnbranchingPathExtractor (debruijn_graph_constructor: 342)   Collecting perfect loops finished. 0 loops collected
  0:00:06.378     6M / 96M   INFO    General                 (debruijn_graph_constructor: 487)   Total 65998 edges to create
  0:00:06.378     9M / 96M   INFO    General                 (debruijn_graph_constructor: 489)   Collecting link records
  0:00:06.446    10M / 96M   INFO    General                 (debruijn_graph_constructor: 491)   Ordering link records
  0:00:06.447    10M / 96M   INFO    General                 (debruijn_graph_constructor: 493)   Sorting done
  0:00:06.449    11M / 96M   INFO    General                 (debruijn_graph_constructor: 503)   Total 54707 vertices to create
  0:00:06.449    16M / 96M   INFO    General                 (debruijn_graph_constructor: 506)   Connecting the graph
  0:00:06.525    14M / 96M   INFO    General                 (stage.cpp                 : 117)   PROCEDURE == Filling coverage indices (PHM) (id: construction:coverage_filling_phm)
  0:00:06.525    14M / 96M   INFO   K-mer Index Building     (kmer_index_builder.hpp    : 395)   Building perfect hash indices
  0:00:06.588    15M / 96M   INFO   K-mer Index Building     (kmer_index_builder.hpp    : 431)   Index built. Total 672723 kmers, 607288 bytes occupied (7.22185 bits per kmer).
  0:00:06.591    17M / 96M   INFO    General                 (coverage_hash_map_builder.:  47)   Collecting k-mer coverage information from reads, this takes a while.
  0:00:06.617    17M / 96M   INFO    General                 (construction.cpp          : 430)   Filling coverage and flanking coverage from PHM
  0:00:06.637    17M / 96M   INFO    General                 (coverage_filling.hpp      :  82)   Processed 65998 edges
  0:00:06.814    10M / 96M   INFO   StageManager             (stage.cpp                 : 185)   STAGE == EC Threshold Finding (id: ec_threshold_finder)
  0:00:06.816    10M / 96M   INFO    General                 (kmer_coverage_model.cpp   : 181)   Kmer coverage valley at: 22
  0:00:06.816    10M / 96M   INFO    General                 (kmer_coverage_model.cpp   : 201)   K-mer histogram maximum: 23
  0:00:06.816    10M / 96M   WARN    General                 (kmer_coverage_model.cpp   : 218)   Too many erroneous kmers, the estimates might be unreliable
  0:00:06.816    10M / 96M   INFO    General                 (kmer_coverage_model.cpp   : 237)   Estimated median coverage: 23. Coverage mad: 15.8991
  0:00:06.816    10M / 96M   INFO    General                 (kmer_coverage_model.cpp   : 259)   Fitting coverage model
  0:00:06.835    10M / 96M   INFO    General                 (kmer_coverage_model.cpp   : 295)   ... iteration 2
  0:00:06.882    10M / 96M   INFO    General                 (kmer_coverage_model.cpp   : 295)   ... iteration 4
  0:00:06.988    10M / 96M   INFO    General                 (kmer_coverage_model.cpp   : 295)   ... iteration 8
  0:00:07.200    10M / 96M   INFO    General                 (kmer_coverage_model.cpp   : 295)   ... iteration 16
  0:00:07.720    10M / 96M   INFO    General                 (kmer_coverage_model.cpp   : 295)   ... iteration 32
  0:00:09.068    10M / 96M   INFO    General                 (kmer_coverage_model.cpp   : 295)   ... iteration 64
  0:00:10.382    10M / 96M   INFO    General                 (kmer_coverage_model.cpp   : 309)   Fitted mean coverage: 7.92448. Fitted coverage std. dev: 2.99447
  0:00:10.382    10M / 96M   WARN    General                 (kmer_coverage_model.cpp   : 327)   Valley value was estimated improperly, reset to 4
  0:00:10.383    10M / 96M   INFO    General                 (kmer_coverage_model.cpp   : 334)   Probability of erroneous kmer at valley: 0.872112
  0:00:10.383    10M / 96M   WARN    General                 (kmer_coverage_model.cpp   : 366)   Failed to determine erroneous kmer threshold. Threshold set to: 4
  0:00:10.383    10M / 96M   INFO    General                 (kmer_coverage_model.cpp   : 375)   Estimated genome size (ignoring repeats): 43774
  0:00:10.383    10M / 96M   INFO    General                 (genomic_info_filler.cpp   :  57)   Failed to estimate mean coverage
  0:00:10.383    10M / 96M   INFO    General                 (genomic_info_filler.cpp   :  70)   EC coverage threshold value was calculated as 4
  0:00:10.383    10M / 96M   INFO    General                 (genomic_info_filler.cpp   :  71)   Trusted kmer low bound: 0
  0:00:10.383    10M / 96M   INFO   StageManager             (stage.cpp                 : 185)   STAGE == Gap Closer (id: early_gapcloser)
  0:00:10.393    19M / 96M   INFO    General                 (edge_index.hpp            : 113)   Size of edge index entries: 12/8
  0:00:10.408    20M / 96M   INFO    General                 (gap_closer.cpp            : 101)   Total edges in tip neighborhood: 52074 out of 65998, length: 1173099
  0:00:10.411    21M / 96M   INFO    General                 (edge_index.hpp            : 167)   Using small index (max_id = 66330)
  0:00:10.418    21M / 96M   INFO   K-mer Index Building     (kmer_index_builder.hpp    : 395)   Building perfect hash indices
  0:00:10.454    21M / 96M   INFO   K-mer Index Building     (kmer_index_builder.hpp    : 431)   Index built. Total 634546 kmers, 459040 bytes occupied (5.78732 bits per kmer).
  0:00:10.459    26M / 96M   INFO    General                 (edge_index_builders.hpp   : 265)   Collecting edge information from graph, this takes a while.
  0:00:10.478    26M / 96M   INFO    General                 (sequence_mapper_notifier.h:  95)   Total 6850 reads processed
  0:00:10.485    25M / 96M   INFO    General                 (gap_closer.cpp            : 452)   Initializing gap closer
  0:00:10.485    25M / 96M   INFO   GapCloser                (gap_closer.cpp            : 359)   Closing short gaps
  0:00:10.518    25M / 96M   INFO   GapCloser                (gap_closer.cpp            : 391)   Closing short gaps complete: filled 145 gaps after checking 474 candidates
  0:00:10.532    25M / 96M   INFO    General                 (gap_closer.cpp            : 456)   Gap closer done
  0:00:10.548    26M / 96M   INFO    General                 (gap_closer.cpp            : 101)   Total edges in tip neighborhood: 51556 out of 65708, length: 1168222
  0:00:10.552    26M / 96M   INFO    General                 (sequence_mapper_notifier.h:  95)   Total 6193 reads processed
  0:00:10.559    25M / 96M   INFO    General                 (gap_closer.cpp            : 452)   Initializing gap closer
  0:00:10.559    25M / 96M   INFO   GapCloser                (gap_closer.cpp            : 359)   Closing short gaps
  0:00:10.589    25M / 96M   INFO   GapCloser                (gap_closer.cpp            : 391)   Closing short gaps complete: filled 123 gaps after checking 416 candidates
  0:00:10.602    25M / 96M   INFO    General                 (gap_closer.cpp            : 456)   Gap closer done
  0:00:10.617    26M / 96M   INFO    General                 (gap_closer.cpp            : 101)   Total edges in tip neighborhood: 51170 out of 65462, length: 1165647
  0:00:10.621    26M / 96M   INFO    General                 (sequence_mapper_notifier.h:  95)   Total 7049 reads processed
  0:00:10.627    25M / 96M   INFO    General                 (gap_closer.cpp            : 452)   Initializing gap closer
  0:00:10.628    25M / 96M   INFO   GapCloser                (gap_closer.cpp            : 359)   Closing short gaps
  0:00:10.657    25M / 96M   INFO   GapCloser                (gap_closer.cpp            : 391)   Closing short gaps complete: filled 73 gaps after checking 458 candidates
  0:00:10.665    25M / 96M   INFO    General                 (gap_closer.cpp            : 456)   Gap closer done
  0:00:10.680    26M / 96M   INFO    General                 (gap_closer.cpp            : 101)   Total edges in tip neighborhood: 50956 out of 65316, length: 1164769
  0:00:10.684    26M / 96M   INFO    General                 (sequence_mapper_notifier.h:  95)   Total 5083 reads processed
  0:00:10.689    20M / 96M   INFO    General                 (gap_closer.cpp            : 452)   Initializing gap closer
  0:00:10.689    20M / 96M   INFO   GapCloser                (gap_closer.cpp            : 359)   Closing short gaps
  0:00:10.715    20M / 96M   INFO   GapCloser                (gap_closer.cpp            : 391)   Closing short gaps complete: filled 51 gaps after checking 281 candidates
  0:00:10.717    20M / 96M   INFO    General                 (gap_closer.cpp            : 456)   Gap closer done
  0:00:10.718    10M / 96M   INFO   StageManager             (stage.cpp                 : 185)   STAGE == Raw Simplification (id: raw_simplification)
  0:00:10.718    10M / 96M   INFO    General                 (simplification.cpp        : 127)   PROCEDURE == Initial cleaning
  0:00:10.719    10M / 96M   INFO    General                 (simplification.cpp        :  66)   Most init cleaning disabled since detected mean 0 was less than activation coverage 10
  0:00:10.719    10M / 96M   INFO   Simplification           (parallel_processing.hpp   : 167)   Running Self conjugate edge remover
  0:00:10.721    10M / 96M   INFO   Simplification           (parallel_processing.hpp   : 170)   Self conjugate edge remover triggered 0 times
  0:00:10.721    10M / 96M   INFO   StageManager             (stage.cpp                 : 185)   STAGE == Simplification (id: simplification)
  0:00:10.721    10M / 96M   INFO    General                 (simplification.cpp        : 368)   Graph simplification started
  0:00:10.721    10M / 96M   INFO    General                 (graph_simplification.hpp  : 634)   Creating parallel br instance
  0:00:10.721    10M / 96M   INFO    General                 (simplification.cpp        : 373)   PROCEDURE == Simplification cycle, iteration 1
  0:00:10.721    10M / 96M   INFO   Simplification           (parallel_processing.hpp   : 167)   Running Tip clipper
  0:00:10.757    10M / 96M   INFO   Simplification           (parallel_processing.hpp   : 170)   Tip clipper triggered 5828 times
  0:00:10.757    10M / 96M   INFO   Simplification           (parallel_processing.hpp   : 167)   Running Bulge remover
  0:00:10.759    10M / 96M   INFO   Simplification           (parallel_processing.hpp   : 170)   Bulge remover triggered 1 times
  0:00:10.759    10M / 96M   INFO   Simplification           (parallel_processing.hpp   : 167)   Running Low coverage edge remover
  0:00:10.761    10M / 96M   INFO   Simplification           (parallel_processing.hpp   : 170)   Low coverage edge remover triggered 0 times
  0:00:10.761    10M / 96M   INFO    General                 (simplification.cpp        : 373)   PROCEDURE == Simplification cycle, iteration 2
  0:00:10.761    10M / 96M   INFO   Simplification           (parallel_processing.hpp   : 167)   Running Tip clipper
  0:00:10.761    10M / 96M   INFO   Simplification           (parallel_processing.hpp   : 170)   Tip clipper triggered 0 times
  0:00:10.761    10M / 96M   INFO   Simplification           (parallel_processing.hpp   : 167)   Running Bulge remover
  0:00:10.761    10M / 96M   INFO   Simplification           (parallel_processing.hpp   : 170)   Bulge remover triggered 0 times
  0:00:10.761    10M / 96M   INFO   Simplification           (parallel_processing.hpp   : 167)   Running Low coverage edge remover
  0:00:10.761    10M / 96M   INFO   Simplification           (parallel_processing.hpp   : 170)   Low coverage edge remover triggered 0 times
  0:00:10.761    10M / 96M   INFO    General                 (simplification.cpp        : 373)   PROCEDURE == Simplification cycle, iteration 3
  0:00:10.761    10M / 96M   INFO   Simplification           (parallel_processing.hpp   : 167)   Running Tip clipper
  0:00:10.761    10M / 96M   INFO   Simplification           (parallel_processing.hpp   : 170)   Tip clipper triggered 0 times
  0:00:10.761    10M / 96M   INFO   Simplification           (parallel_processing.hpp   : 167)   Running Bulge remover
  0:00:10.761    10M / 96M   INFO   Simplification           (parallel_processing.hpp   : 170)   Bulge remover triggered 0 times
  0:00:10.761    10M / 96M   INFO   Simplification           (parallel_processing.hpp   : 167)   Running Low coverage edge remover
  0:00:10.761    10M / 96M   INFO   Simplification           (parallel_processing.hpp   : 170)   Low coverage edge remover triggered 0 times
  0:00:10.761    10M / 96M   INFO    General                 (simplification.cpp        : 373)   PROCEDURE == Simplification cycle, iteration 4
  0:00:10.761    10M / 96M   INFO   Simplification           (parallel_processing.hpp   : 167)   Running Tip clipper
  0:00:10.761    10M / 96M   INFO   Simplification           (parallel_processing.hpp   : 170)   Tip clipper triggered 0 times
  0:00:10.762    10M / 96M   INFO   Simplification           (parallel_processing.hpp   : 167)   Running Bulge remover
  0:00:10.762    10M / 96M   INFO   Simplification           (parallel_processing.hpp   : 170)   Bulge remover triggered 0 times
  0:00:10.762    10M / 96M   INFO   Simplification           (parallel_processing.hpp   : 167)   Running Low coverage edge remover
  0:00:10.762    10M / 96M   INFO   Simplification           (parallel_processing.hpp   : 170)   Low coverage edge remover triggered 0 times
  0:00:10.762    10M / 96M   INFO    General                 (simplification.cpp        : 373)   PROCEDURE == Simplification cycle, iteration 5
  0:00:10.762    10M / 96M   INFO   Simplification           (parallel_processing.hpp   : 167)   Running Tip clipper
  0:00:10.762    10M / 96M   INFO   Simplification           (parallel_processing.hpp   : 170)   Tip clipper triggered 0 times
  0:00:10.762    10M / 96M   INFO   Simplification           (parallel_processing.hpp   : 167)   Running Bulge remover
  0:00:10.762    10M / 96M   INFO   Simplification           (parallel_processing.hpp   : 170)   Bulge remover triggered 0 times
  0:00:10.762    10M / 96M   INFO   Simplification           (parallel_processing.hpp   : 167)   Running Low coverage edge remover
  0:00:10.762    10M / 96M   INFO   Simplification           (parallel_processing.hpp   : 170)   Low coverage edge remover triggered 0 times
  0:00:10.762    10M / 96M   INFO    General                 (simplification.cpp        : 373)   PROCEDURE == Simplification cycle, iteration 6
  0:00:10.762    10M / 96M   INFO   Simplification           (parallel_processing.hpp   : 167)   Running Tip clipper
  0:00:10.762    10M / 96M   INFO   Simplification           (parallel_processing.hpp   : 170)   Tip clipper triggered 0 times
  0:00:10.762    10M / 96M   INFO   Simplification           (parallel_processing.hpp   : 167)   Running Bulge remover
  0:00:10.762    10M / 96M   INFO   Simplification           (parallel_processing.hpp   : 170)   Bulge remover triggered 0 times
  0:00:10.762    10M / 96M   INFO   Simplification           (parallel_processing.hpp   : 167)   Running Low coverage edge remover
  0:00:10.762    10M / 96M   INFO   Simplification           (parallel_processing.hpp   : 170)   Low coverage edge remover triggered 0 times
  0:00:10.762    10M / 96M   INFO    General                 (simplification.cpp        : 373)   PROCEDURE == Simplification cycle, iteration 7
  0:00:10.762    10M / 96M   INFO   Simplification           (parallel_processing.hpp   : 167)   Running Tip clipper
  0:00:10.762    10M / 96M   INFO   Simplification           (parallel_processing.hpp   : 170)   Tip clipper triggered 0 times
  0:00:10.762    10M / 96M   INFO   Simplification           (parallel_processing.hpp   : 167)   Running Bulge remover
  0:00:10.762    10M / 96M   INFO   Simplification           (parallel_processing.hpp   : 170)   Bulge remover triggered 0 times
  0:00:10.762    10M / 96M   INFO   Simplification           (parallel_processing.hpp   : 167)   Running Low coverage edge remover
  0:00:10.762    10M / 96M   INFO   Simplification           (parallel_processing.hpp   : 170)   Low coverage edge remover triggered 0 times
  0:00:10.762    10M / 96M   INFO    General                 (simplification.cpp        : 373)   PROCEDURE == Simplification cycle, iteration 8
  0:00:10.762    10M / 96M   INFO   Simplification           (parallel_processing.hpp   : 167)   Running Tip clipper
  0:00:10.762    10M / 96M   INFO   Simplification           (parallel_processing.hpp   : 170)   Tip clipper triggered 0 times
  0:00:10.762    10M / 96M   INFO   Simplification           (parallel_processing.hpp   : 167)   Running Bulge remover
  0:00:10.762    10M / 96M   INFO   Simplification           (parallel_processing.hpp   : 170)   Bulge remover triggered 0 times
  0:00:10.762    10M / 96M   INFO   Simplification           (parallel_processing.hpp   : 167)   Running Low coverage edge remover
  0:00:10.762    10M / 96M   INFO   Simplification           (parallel_processing.hpp   : 170)   Low coverage edge remover triggered 0 times
  0:00:10.762    10M / 96M   INFO    General                 (simplification.cpp        : 373)   PROCEDURE == Simplification cycle, iteration 9
  0:00:10.762    10M / 96M   INFO   Simplification           (parallel_processing.hpp   : 167)   Running Tip clipper
  0:00:10.762    10M / 96M   INFO   Simplification           (parallel_processing.hpp   : 170)   Tip clipper triggered 0 times
  0:00:10.762    10M / 96M   INFO   Simplification           (parallel_processing.hpp   : 167)   Running Bulge remover
  0:00:10.762    10M / 96M   INFO   Simplification           (parallel_processing.hpp   : 170)   Bulge remover triggered 0 times
  0:00:10.763    10M / 96M   INFO   Simplification           (parallel_processing.hpp   : 167)   Running Low coverage edge remover
  0:00:10.763    10M / 96M   INFO   Simplification           (parallel_processing.hpp   : 170)   Low coverage edge remover triggered 0 times
  0:00:10.763    10M / 96M   INFO    General                 (simplification.cpp        : 373)   PROCEDURE == Simplification cycle, iteration 10
  0:00:10.763    10M / 96M   INFO   Simplification           (parallel_processing.hpp   : 167)   Running Tip clipper
  0:00:10.763    10M / 96M   INFO   Simplification           (parallel_processing.hpp   : 170)   Tip clipper triggered 0 times
  0:00:10.763    10M / 96M   INFO   Simplification           (parallel_processing.hpp   : 167)   Running Bulge remover
  0:00:10.763    10M / 96M   INFO   Simplification           (parallel_processing.hpp   : 170)   Bulge remover triggered 0 times
  0:00:10.763    10M / 96M   INFO   Simplification           (parallel_processing.hpp   : 167)   Running Low coverage edge remover
  0:00:10.763    10M / 96M   INFO   Simplification           (parallel_processing.hpp   : 170)   Low coverage edge remover triggered 0 times
  0:00:10.763    10M / 96M   INFO    General                 (simplification.cpp        : 373)   PROCEDURE == Simplification cycle, iteration 11
  0:00:10.763    10M / 96M   INFO   Simplification           (parallel_processing.hpp   : 167)   Running Tip clipper
  0:00:10.765    10M / 96M   INFO   Simplification           (parallel_processing.hpp   : 170)   Tip clipper triggered 0 times
  0:00:10.765    10M / 96M   INFO   Simplification           (parallel_processing.hpp   : 167)   Running Bulge remover
  0:00:10.767    10M / 96M   INFO   Simplification           (parallel_processing.hpp   : 170)   Bulge remover triggered 0 times
  0:00:10.767    10M / 96M   INFO   Simplification           (parallel_processing.hpp   : 167)   Running Low coverage edge remover
  0:00:10.768    10M / 96M   INFO   Simplification           (parallel_processing.hpp   : 170)   Low coverage edge remover triggered 0 times
  0:00:10.770    10M / 96M   INFO   StageManager             (stage.cpp                 : 185)   STAGE == Gap Closer (id: late_gapcloser)
  0:00:10.773    19M / 96M   INFO    General                 (edge_index.hpp            : 113)   Size of edge index entries: 12/8
  0:00:10.784    20M / 96M   INFO    General                 (gap_closer.cpp            : 101)   Total edges in tip neighborhood: 42634 out of 42634, length: 1233882
  0:00:10.785    20M / 96M   INFO    General                 (edge_index.hpp            : 167)   Using small index (max_id = 66330)
  0:00:10.789    20M / 96M   INFO   K-mer Index Building     (kmer_index_builder.hpp    : 395)   Building perfect hash indices
  0:00:10.862    21M / 96M   INFO   K-mer Index Building     (kmer_index_builder.hpp    : 431)   Index built. Total 616941 kmers, 675060 bytes occupied (8.75364 bits per kmer).
  0:00:10.866    26M / 96M   INFO    General                 (edge_index_builders.hpp   : 265)   Collecting edge information from graph, this takes a while.
  0:00:10.882    26M / 96M   INFO    General                 (sequence_mapper_notifier.h:  95)   Total 6850 reads processed
  0:00:10.890    25M / 96M   INFO    General                 (gap_closer.cpp            : 452)   Initializing gap closer
  0:00:10.890    25M / 96M   INFO   GapCloser                (gap_closer.cpp            : 359)   Closing short gaps
  0:00:10.908    25M / 96M   INFO   GapCloser                (gap_closer.cpp            : 391)   Closing short gaps complete: filled 23 gaps after checking 102 candidates
  0:00:10.917    25M / 96M   INFO    General                 (gap_closer.cpp            : 456)   Gap closer done
  0:00:10.930    26M / 96M   INFO    General                 (gap_closer.cpp            : 101)   Total edges in tip neighborhood: 42588 out of 42588, length: 1234544
  0:00:10.934    26M / 96M   INFO    General                 (sequence_mapper_notifier.h:  95)   Total 6193 reads processed
  0:00:10.941    25M / 96M   INFO    General                 (gap_closer.cpp            : 452)   Initializing gap closer
  0:00:10.941    25M / 96M   INFO   GapCloser                (gap_closer.cpp            : 359)   Closing short gaps
  0:00:10.959    25M / 96M   INFO   GapCloser                (gap_closer.cpp            : 391)   Closing short gaps complete: filled 17 gaps after checking 102 candidates
  0:00:10.968    25M / 96M   INFO    General                 (gap_closer.cpp            : 456)   Gap closer done
  0:00:10.980    26M / 96M   INFO    General                 (gap_closer.cpp            : 101)   Total edges in tip neighborhood: 42554 out of 42554, length: 1235570
  0:00:10.984    26M / 96M   INFO    General                 (sequence_mapper_notifier.h:  95)   Total 7049 reads processed
  0:00:10.991    25M / 96M   INFO    General                 (gap_closer.cpp            : 452)   Initializing gap closer
  0:00:10.991    25M / 96M   INFO   GapCloser                (gap_closer.cpp            : 359)   Closing short gaps
  0:00:11.008    25M / 96M   INFO   GapCloser                (gap_closer.cpp            : 391)   Closing short gaps complete: filled 11 gaps after checking 109 candidates
  0:00:11.014    25M / 96M   INFO    General                 (gap_closer.cpp            : 456)   Gap closer done
  0:00:11.026    26M / 96M   INFO    General                 (gap_closer.cpp            : 101)   Total edges in tip neighborhood: 42532 out of 42532, length: 1236036
  0:00:11.029    26M / 96M   INFO    General                 (sequence_mapper_notifier.h:  95)   Total 5083 reads processed
  0:00:11.036    19M / 96M   INFO    General                 (gap_closer.cpp            : 452)   Initializing gap closer
  0:00:11.036    19M / 96M   INFO   GapCloser                (gap_closer.cpp            : 359)   Closing short gaps
  0:00:11.052    19M / 96M   INFO   GapCloser                (gap_closer.cpp            : 391)   Closing short gaps complete: filled 7 gaps after checking 46 candidates
  0:00:11.054    19M / 96M   INFO    General                 (gap_closer.cpp            : 456)   Gap closer done
  0:00:11.055    10M / 96M   INFO   StageManager             (stage.cpp                 : 185)   STAGE == Simplification Cleanup (id: simplification_cleanup)
  0:00:11.055    10M / 96M   INFO    General                 (simplification.cpp        : 176)   PROCEDURE == Post simplification
  0:00:11.055    10M / 96M   INFO    General                 (graph_simplification.hpp  : 448)   Disconnection of relatively low covered edges disabled
  0:00:11.055    10M / 96M   INFO    General                 (graph_simplification.hpp  : 485)   Complex tip clipping disabled
  0:00:11.055    10M / 96M   INFO    General                 (graph_simplification.hpp  : 634)   Creating parallel br instance
  0:00:11.055    10M / 96M   INFO   Simplification           (parallel_processing.hpp   : 167)   Running Tip clipper
  0:00:11.057    10M / 96M   INFO   Simplification           (parallel_processing.hpp   : 170)   Tip clipper triggered 0 times
  0:00:11.057    10M / 96M   INFO   Simplification           (parallel_processing.hpp   : 167)   Running Bulge remover
  0:00:11.059    10M / 96M   INFO   Simplification           (parallel_processing.hpp   : 170)   Bulge remover triggered 0 times
  0:00:11.059    10M / 96M   INFO   Simplification           (parallel_processing.hpp   : 167)   Running Tip clipper
  0:00:11.061    10M / 96M   INFO   Simplification           (parallel_processing.hpp   : 170)   Tip clipper triggered 0 times
  0:00:11.061    10M / 96M   INFO   Simplification           (parallel_processing.hpp   : 167)   Running Bulge remover
  0:00:11.063    10M / 96M   INFO   Simplification           (parallel_processing.hpp   : 170)   Bulge remover triggered 0 times
  0:00:11.063    10M / 96M   INFO    General                 (simplification.cpp        : 327)   Disrupting self-conjugate edges
  0:00:11.070    10M / 96M   INFO   Simplification           (parallel_processing.hpp   : 167)   Running Removing isolated edges
  0:00:11.095     9M / 96M   INFO   Simplification           (parallel_processing.hpp   : 170)   Removing isolated edges triggered 21021 times
  0:00:11.098     9M / 96M   INFO    General                 (simplification.cpp        : 495)   After simplification:
  0:00:11.098     9M / 96M   INFO    General                 (simplification.cpp        : 496)     Average coverage = 5.5445
  0:00:11.099     9M / 96M   INFO    General                 (simplification.cpp        : 497)     Total length = 75774
  0:00:11.099     9M / 96M   INFO    General                 (simplification.cpp        : 498)     Median edge length: 337
  0:00:11.099     9M / 96M   INFO    General                 (simplification.cpp        : 499)     Edges: 476
  0:00:11.099     9M / 96M   INFO    General                 (simplification.cpp        : 500)     Vertices: 952
  0:00:11.099     9M / 96M   INFO   StageManager             (stage.cpp                 : 185)   STAGE == Mismatch Correction (id: mismatch_correction)
  0:00:11.099     9M / 96M   INFO    General                 (graph_pack.cpp            :  67)   Index refill
  0:00:11.099     9M / 96M   INFO    General                 (edge_index.hpp            : 156)   Using small index (max_id = 66330)
  0:00:11.100     9M / 96M   INFO   K-mer Index Building     (kmer_index_builder.hpp    : 395)   Building perfect hash indices
  0:00:11.115     9M / 96M   INFO   K-mer Index Building     (kmer_index_builder.hpp    : 431)   Index built. Total 75774 kmers, 93204 bytes occupied (9.84021 bits per kmer).
  0:00:11.115     9M / 96M   INFO    General                 (edge_index_builders.hpp   : 252)   Collecting edge information from graph, this takes a while.
  0:00:11.119     9M / 96M   INFO    General                 (graph_pack.cpp            :  77)   Normalizing k-mer map. Total 256 kmers to process
  0:00:11.120     9M / 96M   INFO    General                 (graph_pack.cpp            :  79)   Normalizing done
  0:00:11.120     9M / 96M   INFO    General                 (mismatch_correction.cpp   : 400)   Collect potential mismatches
  0:00:11.120     9M / 96M   INFO    General                 (mismatch_correction.cpp   : 192)   Total 2 edges (out of 476) with 2 potential mismatch positions (1 positions per edge)
  0:00:11.120     9M / 96M   INFO    General                 (mismatch_correction.cpp   : 402)   Potential mismatches collected
  0:00:11.136    10M / 96M   INFO    General                 (sequence_mapper_notifier.h:  95)   Total 27400 reads processed
  0:00:11.151    10M / 96M   INFO    General                 (sequence_mapper_notifier.h:  95)   Total 24772 reads processed
  0:00:11.168    10M / 96M   INFO    General                 (sequence_mapper_notifier.h:  95)   Total 28196 reads processed
  0:00:11.182    10M / 96M   INFO    General                 (sequence_mapper_notifier.h:  95)   Total 20332 reads processed
  0:00:11.183     9M / 96M   INFO    General                 (mismatch_correction.cpp   : 395)   All edges processed
  0:00:11.183     9M / 96M   INFO    General                 (mismatch_correction.cpp   : 450)   Corrected 0 nucleotides
  0:00:11.183     9M / 96M   INFO   StageManager             (stage.cpp                 : 185)   STAGE == Contig Output (id: contig_output)
  0:00:11.183     9M / 96M   INFO    General                 (contig_output.hpp         :  16)   Outputting contigs to /home/vtrivedi1/Python-Pipeline-Vir-Trivedi/PipelineProject_Vir_Trivedi/K127/before_rr.fasta
  0:00:11.189     9M / 96M   INFO    General                 (contig_output_stage.cpp   : 151)   Writing GFA graph to /home/vtrivedi1/Python-Pipeline-Vir-Trivedi/PipelineProject_Vir_Trivedi/K127/assembly_graph_after_simplification.gfa
  0:00:11.193     9M / 96M   INFO   StageManager             (stage.cpp                 : 185)   STAGE == Paired Information Counting (id: late_pair_info_count)
  0:00:11.197    10M / 96M   INFO    General                 (graph_pack.cpp            :  77)   Normalizing k-mer map. Total 256 kmers to process
  0:00:11.197    10M / 96M   INFO    General                 (graph_pack.cpp            :  79)   Normalizing done
  0:00:11.198    10M / 96M   INFO    General                 (pair_info_count.cpp       : 339)   Min edge length for estimation: 337
  0:00:11.198    10M / 96M   INFO    General                 (pair_info_count.cpp       : 350)   Estimating insert size for library #0
  0:00:11.198    10M / 96M   INFO    General                 (pair_info_count.cpp       : 202)   Estimating insert size (takes a while)
  0:00:11.478   282M / 321M  INFO    General                 (pair_info_count.cpp       :  48)   Selecting usual mapper
  0:00:11.899   282M / 321M  INFO    General                 (sequence_mapper_notifier.h:  95)   Total 6850 reads processed
  0:00:11.976   282M / 321M  INFO    General                 (pair_info_count.cpp       : 220)   Edge pairs: 285
  0:00:11.976   282M / 321M  INFO    General                 (pair_info_count.cpp       : 222)   1472 paired reads (21.4891% of all) aligned to long edges
  0:00:11.977    10M / 321M  INFO    General                 (pair_info_count.cpp       : 369)     Insert size = 214.516, deviation = 52.5059, left quantile = 161, right quantile = 286, read length = 151
  0:00:11.996    10M / 321M  INFO    General                 (pair_info_count.cpp       : 390)   Filtering data for library #0
  0:00:11.999    10M / 321M  INFO    General                 (pair_info_count.cpp       :  48)   Selecting usual mapper
  0:00:12.006    10M / 321M  INFO    General                 (sequence_mapper_notifier.h:  95)   Total 6850 reads processed
  0:00:12.006    10M / 321M  INFO    General                 (pair_info_count.cpp       : 402)   Mapping library #0
  0:00:12.006    10M / 321M  INFO    General                 (pair_info_count.cpp       : 404)   Mapping paired reads (takes a while)
  0:00:12.006    10M / 321M  INFO    General                 (pair_info_count.cpp       : 299)   Left insert size quantile 161, right insert size quantile 286, filtering threshold 2, rounding threshold 0
  0:00:12.012    19M / 321M  INFO    General                 (pair_info_count.cpp       :  48)   Selecting usual mapper
  0:00:12.029    19M / 321M  INFO    General                 (sequence_mapper_notifier.h:  95)   Total 6850 reads processed
  0:00:12.032    10M / 321M  INFO    General                 (pair_info_count.cpp       : 350)   Estimating insert size for library #1
  0:00:12.033    10M / 321M  INFO    General                 (pair_info_count.cpp       : 202)   Estimating insert size (takes a while)
  0:00:12.176   282M / 321M  INFO    General                 (pair_info_count.cpp       :  48)   Selecting usual mapper
  0:00:12.584   282M / 321M  INFO    General                 (sequence_mapper_notifier.h:  95)   Total 6193 reads processed
  0:00:12.660   282M / 321M  INFO    General                 (pair_info_count.cpp       : 220)   Edge pairs: 266
  0:00:12.660   282M / 321M  INFO    General                 (pair_info_count.cpp       : 222)   1161 paired reads (18.747% of all) aligned to long edges
  0:00:12.661    10M / 321M  INFO    General                 (pair_info_count.cpp       : 369)     Insert size = 215.857, deviation = 50.7217, left quantile = 164, right quantile = 287, read length = 151
  0:00:12.680    10M / 321M  INFO    General                 (pair_info_count.cpp       : 390)   Filtering data for library #1
  0:00:12.682    10M / 321M  INFO    General                 (pair_info_count.cpp       :  48)   Selecting usual mapper
  0:00:12.688    10M / 321M  INFO    General                 (sequence_mapper_notifier.h:  95)   Total 6193 reads processed
  0:00:12.688    10M / 321M  INFO    General                 (pair_info_count.cpp       : 402)   Mapping library #1
  0:00:12.688    10M / 321M  INFO    General                 (pair_info_count.cpp       : 404)   Mapping paired reads (takes a while)
  0:00:12.688    10M / 321M  INFO    General                 (pair_info_count.cpp       : 299)   Left insert size quantile 164, right insert size quantile 287, filtering threshold 2, rounding threshold 0
  0:00:12.693    19M / 321M  INFO    General                 (pair_info_count.cpp       :  48)   Selecting usual mapper
  0:00:12.700    19M / 321M  INFO    General                 (sequence_mapper_notifier.h:  95)   Total 6193 reads processed
  0:00:12.703    10M / 321M  INFO    General                 (pair_info_count.cpp       : 350)   Estimating insert size for library #2
  0:00:12.703    10M / 321M  INFO    General                 (pair_info_count.cpp       : 202)   Estimating insert size (takes a while)
  0:00:12.845   282M / 321M  INFO    General                 (pair_info_count.cpp       :  48)   Selecting usual mapper
  0:00:13.257   282M / 321M  INFO    General                 (sequence_mapper_notifier.h:  95)   Total 7049 reads processed
  0:00:13.332   282M / 321M  INFO    General                 (pair_info_count.cpp       : 220)   Edge pairs: 278
  0:00:13.333   282M / 321M  INFO    General                 (pair_info_count.cpp       : 222)   1553 paired reads (22.0315% of all) aligned to long edges
  0:00:13.334    10M / 321M  INFO    General                 (pair_info_count.cpp       : 369)     Insert size = 222.368, deviation = 64.2499, left quantile = 150, right quantile = 311, read length = 151
  0:00:13.353    10M / 321M  INFO    General                 (pair_info_count.cpp       : 390)   Filtering data for library #2
  0:00:13.356    10M / 321M  INFO    General                 (pair_info_count.cpp       :  48)   Selecting usual mapper
  0:00:13.363    10M / 321M  INFO    General                 (sequence_mapper_notifier.h:  95)   Total 7049 reads processed
  0:00:13.364    10M / 321M  INFO    General                 (pair_info_count.cpp       : 402)   Mapping library #2
  0:00:13.364    10M / 321M  INFO    General                 (pair_info_count.cpp       : 404)   Mapping paired reads (takes a while)
  0:00:13.364    10M / 321M  INFO    General                 (pair_info_count.cpp       : 299)   Left insert size quantile 150, right insert size quantile 311, filtering threshold 2, rounding threshold 0
  0:00:13.370    19M / 321M  INFO    General                 (pair_info_count.cpp       :  48)   Selecting usual mapper
  0:00:13.378    19M / 321M  INFO    General                 (sequence_mapper_notifier.h:  95)   Total 7049 reads processed
  0:00:13.382    10M / 321M  INFO    General                 (pair_info_count.cpp       : 350)   Estimating insert size for library #3
  0:00:13.382    10M / 321M  INFO    General                 (pair_info_count.cpp       : 202)   Estimating insert size (takes a while)
  0:00:13.526   282M / 321M  INFO    General                 (pair_info_count.cpp       :  48)   Selecting usual mapper
  0:00:13.951   282M / 321M  INFO    General                 (sequence_mapper_notifier.h:  95)   Total 5083 reads processed
  0:00:14.026   282M / 321M  INFO    General                 (pair_info_count.cpp       : 220)   Edge pairs: 229
  0:00:14.026   282M / 321M  INFO    General                 (pair_info_count.cpp       : 222)   1029 paired reads (20.244% of all) aligned to long edges
  0:00:14.027    10M / 321M  INFO    General                 (pair_info_count.cpp       : 369)     Insert size = 208.828, deviation = 56.0247, left quantile = 146, right quantile = 281, read length = 151
  0:00:14.046    10M / 321M  INFO    General                 (pair_info_count.cpp       : 390)   Filtering data for library #3
  0:00:14.049    10M / 321M  INFO    General                 (pair_info_count.cpp       :  48)   Selecting usual mapper
  0:00:14.056    10M / 321M  INFO    General                 (sequence_mapper_notifier.h:  95)   Total 5083 reads processed
  0:00:14.056    10M / 321M  INFO    General                 (pair_info_count.cpp       : 402)   Mapping library #3
  0:00:14.056    10M / 321M  INFO    General                 (pair_info_count.cpp       : 404)   Mapping paired reads (takes a while)
  0:00:14.056    10M / 321M  INFO    General                 (pair_info_count.cpp       : 299)   Left insert size quantile 146, right insert size quantile 281, filtering threshold 2, rounding threshold 0
  0:00:14.062    19M / 321M  INFO    General                 (pair_info_count.cpp       :  48)   Selecting usual mapper
  0:00:14.071    19M / 321M  INFO    General                 (sequence_mapper_notifier.h:  95)   Total 5083 reads processed
  0:00:14.074    10M / 321M  INFO   StageManager             (stage.cpp                 : 185)   STAGE == Distance Estimation (id: distance_estimation)
  0:00:14.074    10M / 321M  INFO    General                 (distance_estimation.cpp   : 179)   Processing library #0
  0:00:14.074    10M / 321M  INFO    General                 (distance_estimation.cpp   : 150)   Weight Filter Done
  0:00:14.074    10M / 321M  INFO   DistanceEstimator        (distance_estimation.hpp   : 116)   Using SIMPLE distance estimator
  0:00:14.077    10M / 321M  INFO    General                 (distance_estimation.cpp   :  37)   Filtering info
  0:00:14.077    10M / 321M  INFO    General                 (pair_info_filters.hpp     : 242)   Start filtering; library index size: 476
  0:00:14.077    10M / 321M  INFO    General                 (pair_info_filters.hpp     : 263)   Done filtering; library index size: 248
  0:00:14.077    10M / 321M  INFO    General                 (distance_estimation.cpp   : 156)   Refining clustered pair information
  0:00:14.077    10M / 321M  INFO    General                 (distance_estimation.cpp   : 158)   The refining of clustered pair information has been finished
  0:00:14.077    10M / 321M  INFO    General                 (distance_estimation.cpp   : 160)   Improving paired information
  0:00:14.078    10M / 321M  INFO   PairInfoImprover         (pair_info_improver.hpp    : 104)   Paired info stats: missing = 0; contradictional = 0
  0:00:14.080    10M / 321M  INFO   PairInfoImprover         (pair_info_improver.hpp    : 104)   Paired info stats: missing = 0; contradictional = 0
  0:00:14.080    10M / 321M  INFO    General                 (distance_estimation.cpp   : 104)   Filling scaffolding index
  0:00:14.080    10M / 321M  INFO   DistanceEstimator        (distance_estimation.hpp   : 116)   Using SMOOTHING distance estimator
  0:00:14.080    10M / 321M  INFO    General                 (distance_estimation.cpp   :  37)   Filtering info
  0:00:14.080    10M / 321M  INFO    General                 (pair_info_filters.hpp     : 242)   Start filtering; library index size: 482
  0:00:14.080    10M / 321M  INFO    General                 (pair_info_filters.hpp     : 263)   Done filtering; library index size: 482
  0:00:14.080    10M / 321M  INFO    General                 (distance_estimation.cpp   : 186)   Clearing raw paired index
  0:00:14.081    10M / 321M  INFO    General                 (distance_estimation.cpp   : 179)   Processing library #1
  0:00:14.081    10M / 321M  INFO    General                 (distance_estimation.cpp   : 150)   Weight Filter Done
  0:00:14.081    10M / 321M  INFO   DistanceEstimator        (distance_estimation.hpp   : 116)   Using SIMPLE distance estimator
  0:00:14.081    10M / 321M  INFO    General                 (distance_estimation.cpp   :  37)   Filtering info
  0:00:14.081    10M / 321M  INFO    General                 (pair_info_filters.hpp     : 242)   Start filtering; library index size: 476
  0:00:14.081    10M / 321M  INFO    General                 (pair_info_filters.hpp     : 263)   Done filtering; library index size: 212
  0:00:14.081    10M / 321M  INFO    General                 (distance_estimation.cpp   : 156)   Refining clustered pair information
  0:00:14.081    10M / 321M  INFO    General                 (distance_estimation.cpp   : 158)   The refining of clustered pair information has been finished
  0:00:14.082    10M / 321M  INFO    General                 (distance_estimation.cpp   : 160)   Improving paired information
  0:00:14.083    10M / 321M  INFO   PairInfoImprover         (pair_info_improver.hpp    : 104)   Paired info stats: missing = 0; contradictional = 0
  0:00:14.084    10M / 321M  INFO   PairInfoImprover         (pair_info_improver.hpp    : 104)   Paired info stats: missing = 0; contradictional = 0
  0:00:14.084    10M / 321M  INFO    General                 (distance_estimation.cpp   : 104)   Filling scaffolding index
  0:00:14.084    10M / 321M  INFO   DistanceEstimator        (distance_estimation.hpp   : 116)   Using SMOOTHING distance estimator
  0:00:14.085    10M / 321M  INFO    General                 (distance_estimation.cpp   :  37)   Filtering info
  0:00:14.085    10M / 321M  INFO    General                 (pair_info_filters.hpp     : 242)   Start filtering; library index size: 480
  0:00:14.085    10M / 321M  INFO    General                 (pair_info_filters.hpp     : 263)   Done filtering; library index size: 480
  0:00:14.085    10M / 321M  INFO    General                 (distance_estimation.cpp   : 186)   Clearing raw paired index
  0:00:14.085    10M / 321M  INFO    General                 (distance_estimation.cpp   : 179)   Processing library #2
  0:00:14.085    10M / 321M  INFO    General                 (distance_estimation.cpp   : 150)   Weight Filter Done
  0:00:14.085    10M / 321M  INFO   DistanceEstimator        (distance_estimation.hpp   : 116)   Using SIMPLE distance estimator
  0:00:14.086    10M / 321M  INFO    General                 (distance_estimation.cpp   :  37)   Filtering info
  0:00:14.086    10M / 321M  INFO    General                 (pair_info_filters.hpp     : 242)   Start filtering; library index size: 476
  0:00:14.086    10M / 321M  INFO    General                 (pair_info_filters.hpp     : 263)   Done filtering; library index size: 194
  0:00:14.086    10M / 321M  INFO    General                 (distance_estimation.cpp   : 156)   Refining clustered pair information
  0:00:14.086    10M / 321M  INFO    General                 (distance_estimation.cpp   : 158)   The refining of clustered pair information has been finished
  0:00:14.086    10M / 321M  INFO    General                 (distance_estimation.cpp   : 160)   Improving paired information
  0:00:14.087    10M / 321M  INFO   PairInfoImprover         (pair_info_improver.hpp    : 104)   Paired info stats: missing = 0; contradictional = 0
  0:00:14.088    10M / 321M  INFO   PairInfoImprover         (pair_info_improver.hpp    : 104)   Paired info stats: missing = 0; contradictional = 0
  0:00:14.088    10M / 321M  INFO    General                 (distance_estimation.cpp   : 104)   Filling scaffolding index
  0:00:14.088    10M / 321M  INFO   DistanceEstimator        (distance_estimation.hpp   : 116)   Using SMOOTHING distance estimator
  0:00:14.089    10M / 321M  INFO    General                 (distance_estimation.cpp   :  37)   Filtering info
  0:00:14.089    10M / 321M  INFO    General                 (pair_info_filters.hpp     : 242)   Start filtering; library index size: 486
  0:00:14.089    10M / 321M  INFO    General                 (pair_info_filters.hpp     : 263)   Done filtering; library index size: 486
  0:00:14.089    10M / 321M  INFO    General                 (distance_estimation.cpp   : 186)   Clearing raw paired index
  0:00:14.089    10M / 321M  INFO    General                 (distance_estimation.cpp   : 179)   Processing library #3
  0:00:14.089    10M / 321M  INFO    General                 (distance_estimation.cpp   : 150)   Weight Filter Done
  0:00:14.089    10M / 321M  INFO   DistanceEstimator        (distance_estimation.hpp   : 116)   Using SIMPLE distance estimator
  0:00:14.090    10M / 321M  INFO    General                 (distance_estimation.cpp   :  37)   Filtering info
  0:00:14.090    10M / 321M  INFO    General                 (pair_info_filters.hpp     : 242)   Start filtering; library index size: 476
  0:00:14.090    10M / 321M  INFO    General                 (pair_info_filters.hpp     : 263)   Done filtering; library index size: 158
  0:00:14.090    10M / 321M  INFO    General                 (distance_estimation.cpp   : 156)   Refining clustered pair information
  0:00:14.090    10M / 321M  INFO    General                 (distance_estimation.cpp   : 158)   The refining of clustered pair information has been finished
  0:00:14.090    10M / 321M  INFO    General                 (distance_estimation.cpp   : 160)   Improving paired information
  0:00:14.091    10M / 321M  INFO   PairInfoImprover         (pair_info_improver.hpp    : 104)   Paired info stats: missing = 0; contradictional = 0
  0:00:14.093    10M / 321M  INFO   PairInfoImprover         (pair_info_improver.hpp    : 104)   Paired info stats: missing = 0; contradictional = 0
  0:00:14.093    10M / 321M  INFO    General                 (distance_estimation.cpp   : 104)   Filling scaffolding index
  0:00:14.093    10M / 321M  INFO   DistanceEstimator        (distance_estimation.hpp   : 116)   Using SMOOTHING distance estimator
  0:00:14.093    10M / 321M  INFO    General                 (distance_estimation.cpp   :  37)   Filtering info
  0:00:14.093    10M / 321M  INFO    General                 (pair_info_filters.hpp     : 242)   Start filtering; library index size: 484
  0:00:14.094    10M / 321M  INFO    General                 (pair_info_filters.hpp     : 263)   Done filtering; library index size: 484
  0:00:14.094    10M / 321M  INFO    General                 (distance_estimation.cpp   : 186)   Clearing raw paired index
  0:00:14.094    10M / 321M  INFO   StageManager             (stage.cpp                 : 185)   STAGE == Repeat Resolving (id: repeat_resolving)
  0:00:14.094    10M / 321M  INFO    General                 (repeat_resolving.cpp      :  87)   Using Path-Extend repeat resolving
  0:00:14.094    10M / 321M  INFO    General                 (launcher.cpp              : 600)   ExSPAnder repeat resolving tool started
  0:00:14.095    10M / 321M  INFO    General                 (coverage_uniformity_analyz:  25)   genomic coverage is 6.22476 calculated of length 38247
  0:00:14.096    11M / 321M  INFO    General                 (launcher.cpp              : 418)   Creating main extenders, unique edge length = 2000
  0:00:14.096    11M / 321M  INFO    General                 (extenders_logic.cpp       : 334)   Estimated coverage of library #0 is 1.52361
  0:00:14.096    11M / 321M  INFO    General                 (extenders_logic.cpp       : 345)   Creating extender; library index size: 248
  0:00:14.096    11M / 321M  INFO    General                 (extenders_logic.cpp       : 334)   Estimated coverage of library #0 is 1.52361
  0:00:14.096    11M / 321M  INFO    General                 (extenders_logic.cpp       : 345)   Creating extender; library index size: 248
  0:00:14.097    11M / 321M  INFO    General                 (extenders_logic.cpp       : 334)   Estimated coverage of library #1 is 1.37748
  0:00:14.097    11M / 321M  INFO    General                 (extenders_logic.cpp       : 345)   Creating extender; library index size: 212
  0:00:14.097    11M / 321M  INFO    General                 (extenders_logic.cpp       : 334)   Estimated coverage of library #1 is 1.37748
  0:00:14.097    11M / 321M  INFO    General                 (extenders_logic.cpp       : 345)   Creating extender; library index size: 212
  0:00:14.097    11M / 321M  INFO    General                 (extenders_logic.cpp       : 334)   Estimated coverage of library #2 is 1.53956
  0:00:14.097    11M / 321M  INFO    General                 (extenders_logic.cpp       : 345)   Creating extender; library index size: 194
  0:00:14.097    11M / 321M  INFO    General                 (extenders_logic.cpp       : 334)   Estimated coverage of library #2 is 1.53956
  0:00:14.097    11M / 321M  INFO    General                 (extenders_logic.cpp       : 345)   Creating extender; library index size: 194
  0:00:14.098    11M / 321M  INFO    General                 (extenders_logic.cpp       : 334)   Estimated coverage of library #3 is 1.10385
  0:00:14.098    11M / 321M  INFO    General                 (extenders_logic.cpp       : 345)   Creating extender; library index size: 158
  0:00:14.098    11M / 321M  INFO    General                 (extenders_logic.cpp       : 334)   Estimated coverage of library #3 is 1.10385
  0:00:14.098    11M / 321M  INFO    General                 (extenders_logic.cpp       : 345)   Creating extender; library index size: 158
  0:00:14.098    11M / 321M  INFO    General                 (extenders_logic.cpp       : 543)   Using 4 paired-end libraries
  0:00:14.098    11M / 321M  INFO    General                 (extenders_logic.cpp       : 544)   Using 4 paired-end scaffolding libraries
  0:00:14.098    11M / 321M  INFO    General                 (extenders_logic.cpp       : 545)   Using 0 single read libraries
  0:00:14.098    11M / 321M  INFO    General                 (launcher.cpp              : 447)   Total number of extenders is 12
  0:00:14.098    11M / 321M  INFO    General                 (path_extenders.cpp        :  36)   Processed 0 paths from 238 (0%)
  0:00:14.100    11M / 321M  INFO    General                 (path_extenders.cpp        :  36)   Processed 24 paths from 238 (10%)
  0:00:14.101    11M / 321M  INFO    General                 (path_extenders.cpp        :  36)   Processed 48 paths from 238 (20%)
  0:00:14.102    12M / 321M  INFO    General                 (path_extenders.cpp        :  36)   Processed 72 paths from 238 (30%)
  0:00:14.103    12M / 321M  INFO    General                 (path_extenders.cpp        :  36)   Processed 96 paths from 238 (40%)
  0:00:14.103    12M / 321M  INFO    General                 (path_extenders.cpp        :  36)   Processed 120 paths from 238 (50%)
  0:00:14.104    12M / 321M  INFO    General                 (path_extenders.cpp        :  34)   Processed 128 paths from 238 (53%)
  0:00:14.104    12M / 321M  INFO    General                 (path_extenders.cpp        :  36)   Processed 144 paths from 238 (60%)
  0:00:14.104    12M / 321M  INFO    General                 (path_extenders.cpp        :  36)   Processed 168 paths from 238 (70%)
  0:00:14.105    12M / 321M  INFO    General                 (path_extenders.cpp        :  36)   Processed 192 paths from 238 (80%)
  0:00:14.105    12M / 321M  INFO    General                 (path_extenders.cpp        :  36)   Processed 216 paths from 238 (90%)
  0:00:14.105    12M / 321M  INFO    General                 (launcher.cpp              : 250)   Finalizing paths
  0:00:14.105    12M / 321M  INFO    General                 (launcher.cpp              : 252)   Deduplicating paths
  0:00:14.105    12M / 321M  INFO    General                 (launcher.cpp              : 256)   Paths deduplicated
  0:00:14.105    12M / 321M  INFO   PEResolver               (pe_resolver.cpp           :  60)   Removing overlaps
  0:00:14.105    12M / 321M  INFO   PEResolver               (pe_resolver.cpp           :  63)   Sorting paths
  0:00:14.106    12M / 321M  INFO   PEResolver               (pe_resolver.cpp           :  70)   Marking overlaps
  0:00:14.106    12M / 321M  INFO   OverlapRemover           (overlap_remover.hpp       : 116)   Marking start/end overlaps
  0:00:14.106    12M / 321M  INFO   OverlapRemover           (overlap_remover.hpp       : 119)   Marking remaining overlaps
  0:00:14.106    12M / 321M  INFO   PEResolver               (pe_resolver.cpp           :  73)   Splitting paths
  0:00:14.106    12M / 321M  INFO   PEResolver               (pe_resolver.cpp           :  78)   Deduplicating paths
  0:00:14.106    12M / 321M  INFO   PEResolver               (pe_resolver.cpp           :  80)   Overlaps removed
  0:00:14.106    12M / 321M  INFO    General                 (launcher.cpp              : 273)   Paths finalized
  0:00:14.106    12M / 321M  INFO    General                 (launcher.cpp              : 454)   Closing gaps in paths
  0:00:14.108    13M / 321M  INFO    General                 (launcher.cpp              : 484)   Gap closing completed
  0:00:14.108    13M / 321M  INFO    General                 (launcher.cpp              : 302)   Traversing tandem repeats
  0:00:14.109    13M / 321M  INFO    General                 (launcher.cpp              : 312)   Traversed 0 loops
  0:00:14.109    13M / 321M  INFO    General                 (launcher.cpp              : 250)   Finalizing paths
  0:00:14.109    13M / 321M  INFO    General                 (launcher.cpp              : 252)   Deduplicating paths
  0:00:14.109    13M / 321M  INFO    General                 (launcher.cpp              : 256)   Paths deduplicated
  0:00:14.109    13M / 321M  INFO   PEResolver               (pe_resolver.cpp           :  60)   Removing overlaps
  0:00:14.109    13M / 321M  INFO   PEResolver               (pe_resolver.cpp           :  63)   Sorting paths
  0:00:14.109    13M / 321M  INFO   PEResolver               (pe_resolver.cpp           :  70)   Marking overlaps
  0:00:14.109    13M / 321M  INFO   OverlapRemover           (overlap_remover.hpp       : 116)   Marking start/end overlaps
  0:00:14.109    13M / 321M  INFO   OverlapRemover           (overlap_remover.hpp       : 119)   Marking remaining overlaps
  0:00:14.109    13M / 321M  INFO   PEResolver               (pe_resolver.cpp           :  73)   Splitting paths
  0:00:14.109    13M / 321M  INFO   PEResolver               (pe_resolver.cpp           :  78)   Deduplicating paths
  0:00:14.110    13M / 321M  INFO   PEResolver               (pe_resolver.cpp           :  80)   Overlaps removed
  0:00:14.110    13M / 321M  INFO    General                 (launcher.cpp              : 273)   Paths finalized
  0:00:14.110    13M / 321M  INFO    General                 (launcher.cpp              : 664)   ExSPAnder repeat resolving tool finished
  0:00:14.110    11M / 321M  INFO   StageManager             (stage.cpp                 : 185)   STAGE == Contig Output (id: contig_output)
  0:00:14.110    11M / 321M  INFO    General                 (contig_output.hpp         :  16)   Outputting contigs to /home/vtrivedi1/Python-Pipeline-Vir-Trivedi/PipelineProject_Vir_Trivedi/K127/before_rr.fasta
  0:00:14.117    11M / 321M  INFO    General                 (contig_output_stage.cpp   : 151)   Writing GFA graph to /home/vtrivedi1/Python-Pipeline-Vir-Trivedi/PipelineProject_Vir_Trivedi/K127/assembly_graph_with_scaffolds.gfa
  0:00:14.118    11M / 321M  INFO    General                 (contig_output_stage.cpp   : 165)   Outputting FastG graph to /home/vtrivedi1/Python-Pipeline-Vir-Trivedi/PipelineProject_Vir_Trivedi/K127/assembly_graph.fastg
  0:00:14.125    11M / 321M  INFO    General                 (contig_output_stage.cpp   : 196)   Breaking scaffolds
  0:00:14.126    12M / 321M  INFO    General                 (contig_output_stage.cpp   :  98)   Outputting contigs to /home/vtrivedi1/Python-Pipeline-Vir-Trivedi/PipelineProject_Vir_Trivedi/K127/final_contigs.fasta
  0:00:14.130    12M / 321M  INFO    General                 (contig_output_stage.cpp   : 104)   Outputting FastG paths to /home/vtrivedi1/Python-Pipeline-Vir-Trivedi/PipelineProject_Vir_Trivedi/K127/final_contigs.paths
  0:00:14.132    11M / 321M  INFO    General                 (contig_output_stage.cpp   :  98)   Outputting contigs to /home/vtrivedi1/Python-Pipeline-Vir-Trivedi/PipelineProject_Vir_Trivedi/K127/scaffolds.fasta
  0:00:14.135    11M / 321M  INFO    General                 (contig_output_stage.cpp   : 104)   Outputting FastG paths to /home/vtrivedi1/Python-Pipeline-Vir-Trivedi/PipelineProject_Vir_Trivedi/K127/scaffolds.paths
  0:00:14.137    11M / 321M  INFO    General                 (contig_output_stage.cpp   : 111)   Populating GFA with scaffold paths
  0:00:14.140    11M / 321M  INFO    General                 (pipeline.cpp              : 287)   SPAdes finished
  0:00:14.141     1M / 321M  INFO    General                 (main.cpp                  : 136)   Assembling time: 0 hours 0 minutes 14 seconds

===== K127 finished. 


===== Copy files started. 


== Running: /usr/bin/python /usr/local/share/spades/spades_pipeline/scripts/copy_files.py /home/vtrivedi1/Python-Pipeline-Vir-Trivedi/PipelineProject_Vir_Trivedi/K127/before_rr.fasta /home/vtrivedi1/Python-Pipeline-Vir-Trivedi/PipelineProject_Vir_Trivedi/before_rr.fasta /home/vtrivedi1/Python-Pipeline-Vir-Trivedi/PipelineProject_Vir_Trivedi/K127/assembly_graph_after_simplification.gfa /home/vtrivedi1/Python-Pipeline-Vir-Trivedi/PipelineProject_Vir_Trivedi/assembly_graph_after_simplification.gfa /home/vtrivedi1/Python-Pipeline-Vir-Trivedi/PipelineProject_Vir_Trivedi/K127/final_contigs.fasta /home/vtrivedi1/Python-Pipeline-Vir-Trivedi/PipelineProject_Vir_Trivedi/contigs.fasta /home/vtrivedi1/Python-Pipeline-Vir-Trivedi/PipelineProject_Vir_Trivedi/K127/first_pe_contigs.fasta /home/vtrivedi1/Python-Pipeline-Vir-Trivedi/PipelineProject_Vir_Trivedi/first_pe_contigs.fasta /home/vtrivedi1/Python-Pipeline-Vir-Trivedi/PipelineProject_Vir_Trivedi/K127/strain_graph.gfa /home/vtrivedi1/Python-Pipeline-Vir-Trivedi/PipelineProject_Vir_Trivedi/strain_graph.gfa /home/vtrivedi1/Python-Pipeline-Vir-Trivedi/PipelineProject_Vir_Trivedi/K127/scaffolds.fasta /home/vtrivedi1/Python-Pipeline-Vir-Trivedi/PipelineProject_Vir_Trivedi/scaffolds.fasta /home/vtrivedi1/Python-Pipeline-Vir-Trivedi/PipelineProject_Vir_Trivedi/K127/scaffolds.paths /home/vtrivedi1/Python-Pipeline-Vir-Trivedi/PipelineProject_Vir_Trivedi/scaffolds.paths /home/vtrivedi1/Python-Pipeline-Vir-Trivedi/PipelineProject_Vir_Trivedi/K127/assembly_graph_with_scaffolds.gfa /home/vtrivedi1/Python-Pipeline-Vir-Trivedi/PipelineProject_Vir_Trivedi/assembly_graph_with_scaffolds.gfa /home/vtrivedi1/Python-Pipeline-Vir-Trivedi/PipelineProject_Vir_Trivedi/K127/assembly_graph.fastg /home/vtrivedi1/Python-Pipeline-Vir-Trivedi/PipelineProject_Vir_Trivedi/assembly_graph.fastg /home/vtrivedi1/Python-Pipeline-Vir-Trivedi/PipelineProject_Vir_Trivedi/K127/final_contigs.paths /home/vtrivedi1/Python-Pipeline-Vir-Trivedi/PipelineProject_Vir_Trivedi/contigs.paths


===== Copy files finished. 


===== Assembling finished. 


===== Breaking scaffolds started. 


== Running: /usr/bin/python /usr/local/share/spades/spades_pipeline/scripts/breaking_scaffolds_script.py --result_scaffolds_filename /home/vtrivedi1/Python-Pipeline-Vir-Trivedi/PipelineProject_Vir_Trivedi/scaffolds.fasta --misc_dir /home/vtrivedi1/Python-Pipeline-Vir-Trivedi/PipelineProject_Vir_Trivedi/misc --threshold_for_breaking_scaffolds 3


===== Breaking scaffolds finished. 


===== Terminate started. 


===== Terminate finished. 

 * Assembled contigs are in /home/vtrivedi1/Python-Pipeline-Vir-Trivedi/PipelineProject_Vir_Trivedi/contigs.fasta
 * Assembled scaffolds are in /home/vtrivedi1/Python-Pipeline-Vir-Trivedi/PipelineProject_Vir_Trivedi/scaffolds.fasta
 * Paths in the assembly graph corresponding to the contigs are in /home/vtrivedi1/Python-Pipeline-Vir-Trivedi/PipelineProject_Vir_Trivedi/contigs.paths
 * Paths in the assembly graph corresponding to the scaffolds are in /home/vtrivedi1/Python-Pipeline-Vir-Trivedi/PipelineProject_Vir_Trivedi/scaffolds.paths
 * Assembly graph is in /home/vtrivedi1/Python-Pipeline-Vir-Trivedi/PipelineProject_Vir_Trivedi/assembly_graph.fastg
 * Assembly graph in GFA format is in /home/vtrivedi1/Python-Pipeline-Vir-Trivedi/PipelineProject_Vir_Trivedi/assembly_graph_with_scaffolds.gfa

======= SPAdes pipeline finished WITH WARNINGS!

=== Error correction and assembling warnings:
 * 0:00:06.816    10M / 96M   WARN    General                 (kmer_coverage_model.cpp   : 218)   Too many erroneous kmers, the estimates might be unreliable
 * 0:00:10.382    10M / 96M   WARN    General                 (kmer_coverage_model.cpp   : 327)   Valley value was estimated improperly, reset to 4
 * 0:00:10.383    10M / 96M   WARN    General                 (kmer_coverage_model.cpp   : 366)   Failed to determine erroneous kmer threshold. Threshold set to: 4
======= Warnings saved to /home/vtrivedi1/Python-Pipeline-Vir-Trivedi/PipelineProject_Vir_Trivedi/warnings.log

SPAdes log can be found here: /home/vtrivedi1/Python-Pipeline-Vir-Trivedi/PipelineProject_Vir_Trivedi/spades.log

Thank you for using SPAdes!
